Configuring numeric-prelude-0.4.3...
Preprocessing library for numeric-prelude-0.4.3..
Building library for numeric-prelude-0.4.3..
[ 1 of 97] Compiling Algebra.DimensionTerm ( src/Algebra/DimensionTerm.hs, .stack-work/dist/x86_64-linux-nix/Cabal-2.0.1.0/build/Algebra/DimensionTerm.o )
[ 2 of 97] Compiling Algebra.Indexable ( src/Algebra/Indexable.hs, .stack-work/dist/x86_64-linux-nix/Cabal-2.0.1.0/build/Algebra/Indexable.o )
[ 3 of 97] Compiling Algebra.Laws     ( src/Algebra/Laws.hs, .stack-work/dist/x86_64-linux-nix/Cabal-2.0.1.0/build/Algebra/Laws.o )
[ 4 of 97] Compiling Algebra.RealRing98 ( src/Algebra/RealRing98.hs, .stack-work/dist/x86_64-linux-nix/Cabal-2.0.1.0/build/Algebra/RealRing98.o )
[ 5 of 97] Compiling MathObj.Permutation ( src/MathObj/Permutation.hs, .stack-work/dist/x86_64-linux-nix/Cabal-2.0.1.0/build/MathObj/Permutation.o )
[ 6 of 97] Compiling NumericPrelude.Base ( src/NumericPrelude/Base.hs, .stack-work/dist/x86_64-linux-nix/Cabal-2.0.1.0/build/NumericPrelude/Base.o )
[ 7 of 97] Compiling MathObj.Permutation.Table ( src/MathObj/Permutation/Table.hs, .stack-work/dist/x86_64-linux-nix/Cabal-2.0.1.0/build/MathObj/Permutation/Table.o )
[ 8 of 97] Compiling NumericPrelude.Elementwise ( src/NumericPrelude/Elementwise.hs, .stack-work/dist/x86_64-linux-nix/Cabal-2.0.1.0/build/NumericPrelude/Elementwise.o )
[ 9 of 97] Compiling Algebra.EqualityDecision ( src/Algebra/EqualityDecision.hs, .stack-work/dist/x86_64-linux-nix/Cabal-2.0.1.0/build/Algebra/EqualityDecision.o )
[10 of 97] Compiling Algebra.OrderDecision ( src/Algebra/OrderDecision.hs, .stack-work/dist/x86_64-linux-nix/Cabal-2.0.1.0/build/Algebra/OrderDecision.o )
[11 of 97] Compiling Algebra.Additive ( src/Algebra/Additive.hs, .stack-work/dist/x86_64-linux-nix/Cabal-2.0.1.0/build/Algebra/Additive.o )
[12 of 97] Compiling Algebra.ZeroTestable ( src/Algebra/ZeroTestable.hs, .stack-work/dist/x86_64-linux-nix/Cabal-2.0.1.0/build/Algebra/ZeroTestable.o )
[13 of 97] Compiling NumericPrelude.List ( src/NumericPrelude/List.hs, .stack-work/dist/x86_64-linux-nix/Cabal-2.0.1.0/build/NumericPrelude/List.o )
[14 of 97] Compiling Algebra.Ring     ( src/Algebra/Ring.hs, .stack-work/dist/x86_64-linux-nix/Cabal-2.0.1.0/build/Algebra/Ring.o )
[15 of 97] Compiling Algebra.Vector   ( src/Algebra/Vector.hs, .stack-work/dist/x86_64-linux-nix/Cabal-2.0.1.0/build/Algebra/Vector.o )
[16 of 97] Compiling Algebra.RightModule ( src/Algebra/RightModule.hs, .stack-work/dist/x86_64-linux-nix/Cabal-2.0.1.0/build/Algebra/RightModule.o )
[17 of 97] Compiling Algebra.Monoid   ( src/Algebra/Monoid.hs, .stack-work/dist/x86_64-linux-nix/Cabal-2.0.1.0/build/Algebra/Monoid.o )
[18 of 97] Compiling MathObj.Algebra  ( src/MathObj/Algebra.hs, .stack-work/dist/x86_64-linux-nix/Cabal-2.0.1.0/build/MathObj/Algebra.o )
[19 of 97] Compiling Algebra.NonNegative ( src/Algebra/NonNegative.hs, .stack-work/dist/x86_64-linux-nix/Cabal-2.0.1.0/build/Algebra/NonNegative.o )
[20 of 97] Compiling Algebra.IntegralDomain ( src/Algebra/IntegralDomain.hs, .stack-work/dist/x86_64-linux-nix/Cabal-2.0.1.0/build/Algebra/IntegralDomain.o )
[21 of 97] Compiling Algebra.Units    ( src/Algebra/Units.hs, .stack-work/dist/x86_64-linux-nix/Cabal-2.0.1.0/build/Algebra/Units.o )
[22 of 97] Compiling Algebra.PrincipalIdealDomain ( src/Algebra/PrincipalIdealDomain.hs, .stack-work/dist/x86_64-linux-nix/Cabal-2.0.1.0/build/Algebra/PrincipalIdealDomain.o )
[23 of 97] Compiling MathObj.Monoid   ( src/MathObj/Monoid.hs, .stack-work/dist/x86_64-linux-nix/Cabal-2.0.1.0/build/MathObj/Monoid.o )
[24 of 97] Compiling Algebra.Differential ( src/Algebra/Differential.hs, .stack-work/dist/x86_64-linux-nix/Cabal-2.0.1.0/build/Algebra/Differential.o )
[25 of 97] Compiling Algebra.Absolute ( src/Algebra/Absolute.hs, .stack-work/dist/x86_64-linux-nix/Cabal-2.0.1.0/build/Algebra/Absolute.o )
[26 of 97] Compiling Number.Ratio     ( src/Number/Ratio.hs, .stack-work/dist/x86_64-linux-nix/Cabal-2.0.1.0/build/Number/Ratio.o )
[27 of 97] Compiling Algebra.Field    ( src/Algebra/Field.hs, .stack-work/dist/x86_64-linux-nix/Cabal-2.0.1.0/build/Algebra/Field.o )
[28 of 97] Compiling Algebra.ToRational ( src/Algebra/ToRational.hs, .stack-work/dist/x86_64-linux-nix/Cabal-2.0.1.0/build/Algebra/ToRational.o )

[;1msrc/Algebra/ToRational.hs:75:6: [;1m[35mwarning:[0m[0m[;1m [[;1m[35m-Winline-rule-shadowing[0m[0m[;1m][0m[0m[;1m
    Rule "NP.realToField :: Integer  -> Float " may never fire
      because `realToField' might inline first
    Probable fix: add an INLINE[n] or NOINLINE[n] pragma for `realToField'[0m[0m
[;1m[34m   |[0m[0m
[;1m[34m75 |[0m[0m      [;1m[35m"NP.realToField :: Integer  -> Float "  realToField = P.realToFrac :: Integer  -> Float[0m[0m ;
[;1m[34m   |[0m[0m[;1m[35m      ^^^^^^^^^^^^^^^^^^^^^^^^^^^^^^^^^^^^^^^^^^^^^^^^^^^^^^^^^^^^^^^^^^^^^^^^^^^^^^^^^^^^^^^[0m[0m
[0m[0m[0m
[;1msrc/Algebra/ToRational.hs:76:6: [;1m[35mwarning:[0m[0m[;1m [[;1m[35m-Winline-rule-shadowing[0m[0m[;1m][0m[0m[;1m
    Rule "NP.realToField :: Int      -> Float " may never fire
      because `realToField' might inline first
    Probable fix: add an INLINE[n] or NOINLINE[n] pragma for `realToField'[0m[0m
[;1m[34m   |[0m[0m
[;1m[34m76 |[0m[0m      [;1m[35m"NP.realToField :: Int      -> Float "  realToField = P.realToFrac :: Int      -> Float[0m[0m ;
[;1m[34m   |[0m[0m[;1m[35m      ^^^^^^^^^^^^^^^^^^^^^^^^^^^^^^^^^^^^^^^^^^^^^^^^^^^^^^^^^^^^^^^^^^^^^^^^^^^^^^^^^^^^^^^[0m[0m
[0m[0m[0m
[;1msrc/Algebra/ToRational.hs:77:6: [;1m[35mwarning:[0m[0m[;1m [[;1m[35m-Winline-rule-shadowing[0m[0m[;1m][0m[0m[;1m
    Rule "NP.realToField :: Int8     -> Float " may never fire
      because `realToField' might inline first
    Probable fix: add an INLINE[n] or NOINLINE[n] pragma for `realToField'[0m[0m
[;1m[34m   |[0m[0m
[;1m[34m77 |[0m[0m      [;1m[35m"NP.realToField :: Int8     -> Float "  realToField = P.realToFrac :: Int8     -> Float[0m[0m ;
[;1m[34m   |[0m[0m[;1m[35m      ^^^^^^^^^^^^^^^^^^^^^^^^^^^^^^^^^^^^^^^^^^^^^^^^^^^^^^^^^^^^^^^^^^^^^^^^^^^^^^^^^^^^^^^[0m[0m
[0m[0m[0m
[;1msrc/Algebra/ToRational.hs:78:6: [;1m[35mwarning:[0m[0m[;1m [[;1m[35m-Winline-rule-shadowing[0m[0m[;1m][0m[0m[;1m
    Rule "NP.realToField :: Int16    -> Float " may never fire
      because `realToField' might inline first
    Probable fix: add an INLINE[n] or NOINLINE[n] pragma for `realToField'[0m[0m
[;1m[34m   |[0m[0m
[;1m[34m78 |[0m[0m      [;1m[35m"NP.realToField :: Int16    -> Float "  realToField = P.realToFrac :: Int16    -> Float[0m[0m ;
[;1m[34m   |[0m[0m[;1m[35m      ^^^^^^^^^^^^^^^^^^^^^^^^^^^^^^^^^^^^^^^^^^^^^^^^^^^^^^^^^^^^^^^^^^^^^^^^^^^^^^^^^^^^^^^[0m[0m
[0m[0m[0m
[;1msrc/Algebra/ToRational.hs:79:6: [;1m[35mwarning:[0m[0m[;1m [[;1m[35m-Winline-rule-shadowing[0m[0m[;1m][0m[0m[;1m
    Rule "NP.realToField :: Int32    -> Float " may never fire
      because `realToField' might inline first
    Probable fix: add an INLINE[n] or NOINLINE[n] pragma for `realToField'[0m[0m
[;1m[34m   |[0m[0m
[;1m[34m79 |[0m[0m      [;1m[35m"NP.realToField :: Int32    -> Float "  realToField = P.realToFrac :: Int32    -> Float[0m[0m ;
[;1m[34m   |[0m[0m[;1m[35m      ^^^^^^^^^^^^^^^^^^^^^^^^^^^^^^^^^^^^^^^^^^^^^^^^^^^^^^^^^^^^^^^^^^^^^^^^^^^^^^^^^^^^^^^[0m[0m
[0m[0m[0m
[;1msrc/Algebra/ToRational.hs:80:6: [;1m[35mwarning:[0m[0m[;1m [[;1m[35m-Winline-rule-shadowing[0m[0m[;1m][0m[0m[;1m
    Rule "NP.realToField :: Int64    -> Float " may never fire
      because `realToField' might inline first
    Probable fix: add an INLINE[n] or NOINLINE[n] pragma for `realToField'[0m[0m
[;1m[34m   |[0m[0m
[;1m[34m80 |[0m[0m      [;1m[35m"NP.realToField :: Int64    -> Float "  realToField = P.realToFrac :: Int64    -> Float[0m[0m ;
[;1m[34m   |[0m[0m[;1m[35m      ^^^^^^^^^^^^^^^^^^^^^^^^^^^^^^^^^^^^^^^^^^^^^^^^^^^^^^^^^^^^^^^^^^^^^^^^^^^^^^^^^^^^^^^[0m[0m
[0m[0m[0m
[;1msrc/Algebra/ToRational.hs:81:6: [;1m[35mwarning:[0m[0m[;1m [[;1m[35m-Winline-rule-shadowing[0m[0m[;1m][0m[0m[;1m
    Rule "NP.realToField :: Word     -> Float " may never fire
      because `realToField' might inline first
    Probable fix: add an INLINE[n] or NOINLINE[n] pragma for `realToField'[0m[0m
[;1m[34m   |[0m[0m
[;1m[34m81 |[0m[0m      [;1m[35m"NP.realToField :: Word     -> Float "  realToField = P.realToFrac :: Word     -> Float[0m[0m ;
[;1m[34m   |[0m[0m[;1m[35m      ^^^^^^^^^^^^^^^^^^^^^^^^^^^^^^^^^^^^^^^^^^^^^^^^^^^^^^^^^^^^^^^^^^^^^^^^^^^^^^^^^^^^^^^[0m[0m
[0m[0m[0m
[;1msrc/Algebra/ToRational.hs:82:6: [;1m[35mwarning:[0m[0m[;1m [[;1m[35m-Winline-rule-shadowing[0m[0m[;1m][0m[0m[;1m
    Rule "NP.realToField :: Word8    -> Float " may never fire
      because `realToField' might inline first
    Probable fix: add an INLINE[n] or NOINLINE[n] pragma for `realToField'[0m[0m
[;1m[34m   |[0m[0m
[;1m[34m82 |[0m[0m      [;1m[35m"NP.realToField :: Word8    -> Float "  realToField = P.realToFrac :: Word8    -> Float[0m[0m ;
[;1m[34m   |[0m[0m[;1m[35m      ^^^^^^^^^^^^^^^^^^^^^^^^^^^^^^^^^^^^^^^^^^^^^^^^^^^^^^^^^^^^^^^^^^^^^^^^^^^^^^^^^^^^^^^[0m[0m
[0m[0m[0m
[;1msrc/Algebra/ToRational.hs:83:6: [;1m[35mwarning:[0m[0m[;1m [[;1m[35m-Winline-rule-shadowing[0m[0m[;1m][0m[0m[;1m
    Rule "NP.realToField :: Word16   -> Float " may never fire
      because `realToField' might inline first
    Probable fix: add an INLINE[n] or NOINLINE[n] pragma for `realToField'[0m[0m
[;1m[34m   |[0m[0m
[;1m[34m83 |[0m[0m      [;1m[35m"NP.realToField :: Word16   -> Float "  realToField = P.realToFrac :: Word16   -> Float[0m[0m ;
[;1m[34m   |[0m[0m[;1m[35m      ^^^^^^^^^^^^^^^^^^^^^^^^^^^^^^^^^^^^^^^^^^^^^^^^^^^^^^^^^^^^^^^^^^^^^^^^^^^^^^^^^^^^^^^[0m[0m
[0m[0m[0m
[;1msrc/Algebra/ToRational.hs:84:6: [;1m[35mwarning:[0m[0m[;1m [[;1m[35m-Winline-rule-shadowing[0m[0m[;1m][0m[0m[;1m
    Rule "NP.realToField :: Word32   -> Float " may never fire
      because `realToField' might inline first
    Probable fix: add an INLINE[n] or NOINLINE[n] pragma for `realToField'[0m[0m
[;1m[34m   |[0m[0m
[;1m[34m84 |[0m[0m      [;1m[35m"NP.realToField :: Word32   -> Float "  realToField = P.realToFrac :: Word32   -> Float[0m[0m ;
[;1m[34m   |[0m[0m[;1m[35m      ^^^^^^^^^^^^^^^^^^^^^^^^^^^^^^^^^^^^^^^^^^^^^^^^^^^^^^^^^^^^^^^^^^^^^^^^^^^^^^^^^^^^^^^[0m[0m
[0m[0m[0m
[;1msrc/Algebra/ToRational.hs:85:6: [;1m[35mwarning:[0m[0m[;1m [[;1m[35m-Winline-rule-shadowing[0m[0m[;1m][0m[0m[;1m
    Rule "NP.realToField :: Word64   -> Float " may never fire
      because `realToField' might inline first
    Probable fix: add an INLINE[n] or NOINLINE[n] pragma for `realToField'[0m[0m
[;1m[34m   |[0m[0m
[;1m[34m85 |[0m[0m      [;1m[35m"NP.realToField :: Word64   -> Float "  realToField = P.realToFrac :: Word64   -> Float[0m[0m ;
[;1m[34m   |[0m[0m[;1m[35m      ^^^^^^^^^^^^^^^^^^^^^^^^^^^^^^^^^^^^^^^^^^^^^^^^^^^^^^^^^^^^^^^^^^^^^^^^^^^^^^^^^^^^^^^[0m[0m
[0m[0m[0m
[;1msrc/Algebra/ToRational.hs:86:6: [;1m[35mwarning:[0m[0m[;1m [[;1m[35m-Winline-rule-shadowing[0m[0m[;1m][0m[0m[;1m
    Rule "NP.realToField :: Float    -> Float " may never fire
      because `realToField' might inline first
    Probable fix: add an INLINE[n] or NOINLINE[n] pragma for `realToField'[0m[0m
[;1m[34m   |[0m[0m
[;1m[34m86 |[0m[0m      [;1m[35m"NP.realToField :: Float    -> Float "  realToField = P.realToFrac :: Float    -> Float[0m[0m ;
[;1m[34m   |[0m[0m[;1m[35m      ^^^^^^^^^^^^^^^^^^^^^^^^^^^^^^^^^^^^^^^^^^^^^^^^^^^^^^^^^^^^^^^^^^^^^^^^^^^^^^^^^^^^^^^[0m[0m
[0m[0m[0m
[;1msrc/Algebra/ToRational.hs:87:6: [;1m[35mwarning:[0m[0m[;1m [[;1m[35m-Winline-rule-shadowing[0m[0m[;1m][0m[0m[;1m
    Rule "NP.realToField :: Double   -> Float " may never fire
      because `realToField' might inline first
    Probable fix: add an INLINE[n] or NOINLINE[n] pragma for `realToField'[0m[0m
[;1m[34m   |[0m[0m
[;1m[34m87 |[0m[0m      [;1m[35m"NP.realToField :: Double   -> Float "  realToField = P.realToFrac :: Double   -> Float[0m[0m ;
[;1m[34m   |[0m[0m[;1m[35m      ^^^^^^^^^^^^^^^^^^^^^^^^^^^^^^^^^^^^^^^^^^^^^^^^^^^^^^^^^^^^^^^^^^^^^^^^^^^^^^^^^^^^^^^[0m[0m
[0m[0m[0m
[;1msrc/Algebra/ToRational.hs:88:6: [;1m[35mwarning:[0m[0m[;1m [[;1m[35m-Winline-rule-shadowing[0m[0m[;1m][0m[0m[;1m
    Rule "NP.realToField :: Integer  -> Double" may never fire
      because `realToField' might inline first
    Probable fix: add an INLINE[n] or NOINLINE[n] pragma for `realToField'[0m[0m
[;1m[34m   |[0m[0m
[;1m[34m88 |[0m[0m      [;1m[35m"NP.realToField :: Integer  -> Double"  realToField = P.realToFrac :: Integer  -> Double[0m[0m;
[;1m[34m   |[0m[0m[;1m[35m      ^^^^^^^^^^^^^^^^^^^^^^^^^^^^^^^^^^^^^^^^^^^^^^^^^^^^^^^^^^^^^^^^^^^^^^^^^^^^^^^^^^^^^^^^[0m[0m
[0m[0m[0m
[;1msrc/Algebra/ToRational.hs:89:6: [;1m[35mwarning:[0m[0m[;1m [[;1m[35m-Winline-rule-shadowing[0m[0m[;1m][0m[0m[;1m
    Rule "NP.realToField :: Int      -> Double" may never fire
      because `realToField' might inline first
    Probable fix: add an INLINE[n] or NOINLINE[n] pragma for `realToField'[0m[0m
[;1m[34m   |[0m[0m
[;1m[34m89 |[0m[0m      [;1m[35m"NP.realToField :: Int      -> Double"  realToField = P.realToFrac :: Int      -> Double[0m[0m;
[;1m[34m   |[0m[0m[;1m[35m      ^^^^^^^^^^^^^^^^^^^^^^^^^^^^^^^^^^^^^^^^^^^^^^^^^^^^^^^^^^^^^^^^^^^^^^^^^^^^^^^^^^^^^^^^[0m[0m
[0m[0m[0m
[;1msrc/Algebra/ToRational.hs:90:6: [;1m[35mwarning:[0m[0m[;1m [[;1m[35m-Winline-rule-shadowing[0m[0m[;1m][0m[0m[;1m
    Rule "NP.realToField :: Int8     -> Double" may never fire
      because `realToField' might inline first
    Probable fix: add an INLINE[n] or NOINLINE[n] pragma for `realToField'[0m[0m
[;1m[34m   |[0m[0m
[;1m[34m90 |[0m[0m      [;1m[35m"NP.realToField :: Int8     -> Double"  realToField = P.realToFrac :: Int8     -> Double[0m[0m;
[;1m[34m   |[0m[0m[;1m[35m      ^^^^^^^^^^^^^^^^^^^^^^^^^^^^^^^^^^^^^^^^^^^^^^^^^^^^^^^^^^^^^^^^^^^^^^^^^^^^^^^^^^^^^^^^[0m[0m
[0m[0m[0m
[;1msrc/Algebra/ToRational.hs:91:6: [;1m[35mwarning:[0m[0m[;1m [[;1m[35m-Winline-rule-shadowing[0m[0m[;1m][0m[0m[;1m
    Rule "NP.realToField :: Int16    -> Double" may never fire
      because `realToField' might inline first
    Probable fix: add an INLINE[n] or NOINLINE[n] pragma for `realToField'[0m[0m
[;1m[34m   |[0m[0m
[;1m[34m91 |[0m[0m      [;1m[35m"NP.realToField :: Int16    -> Double"  realToField = P.realToFrac :: Int16    -> Double[0m[0m;
[;1m[34m   |[0m[0m[;1m[35m      ^^^^^^^^^^^^^^^^^^^^^^^^^^^^^^^^^^^^^^^^^^^^^^^^^^^^^^^^^^^^^^^^^^^^^^^^^^^^^^^^^^^^^^^^[0m[0m
[0m[0m[0m
[;1msrc/Algebra/ToRational.hs:92:6: [;1m[35mwarning:[0m[0m[;1m [[;1m[35m-Winline-rule-shadowing[0m[0m[;1m][0m[0m[;1m
    Rule "NP.realToField :: Int32    -> Double" may never fire
      because `realToField' might inline first
    Probable fix: add an INLINE[n] or NOINLINE[n] pragma for `realToField'[0m[0m
[;1m[34m   |[0m[0m
[;1m[34m92 |[0m[0m      [;1m[35m"NP.realToField :: Int32    -> Double"  realToField = P.realToFrac :: Int32    -> Double[0m[0m;
[;1m[34m   |[0m[0m[;1m[35m      ^^^^^^^^^^^^^^^^^^^^^^^^^^^^^^^^^^^^^^^^^^^^^^^^^^^^^^^^^^^^^^^^^^^^^^^^^^^^^^^^^^^^^^^^[0m[0m
[0m[0m[0m
[;1msrc/Algebra/ToRational.hs:93:6: [;1m[35mwarning:[0m[0m[;1m [[;1m[35m-Winline-rule-shadowing[0m[0m[;1m][0m[0m[;1m
    Rule "NP.realToField :: Int64    -> Double" may never fire
      because `realToField' might inline first
    Probable fix: add an INLINE[n] or NOINLINE[n] pragma for `realToField'[0m[0m
[;1m[34m   |[0m[0m
[;1m[34m93 |[0m[0m      [;1m[35m"NP.realToField :: Int64    -> Double"  realToField = P.realToFrac :: Int64    -> Double[0m[0m;
[;1m[34m   |[0m[0m[;1m[35m      ^^^^^^^^^^^^^^^^^^^^^^^^^^^^^^^^^^^^^^^^^^^^^^^^^^^^^^^^^^^^^^^^^^^^^^^^^^^^^^^^^^^^^^^^[0m[0m
[0m[0m[0m
[;1msrc/Algebra/ToRational.hs:94:6: [;1m[35mwarning:[0m[0m[;1m [[;1m[35m-Winline-rule-shadowing[0m[0m[;1m][0m[0m[;1m
    Rule "NP.realToField :: Word     -> Double" may never fire
      because `realToField' might inline first
    Probable fix: add an INLINE[n] or NOINLINE[n] pragma for `realToField'[0m[0m
[;1m[34m   |[0m[0m
[;1m[34m94 |[0m[0m      [;1m[35m"NP.realToField :: Word     -> Double"  realToField = P.realToFrac :: Word     -> Double[0m[0m;
[;1m[34m   |[0m[0m[;1m[35m      ^^^^^^^^^^^^^^^^^^^^^^^^^^^^^^^^^^^^^^^^^^^^^^^^^^^^^^^^^^^^^^^^^^^^^^^^^^^^^^^^^^^^^^^^[0m[0m
[0m[0m[0m
[;1msrc/Algebra/ToRational.hs:95:6: [;1m[35mwarning:[0m[0m[;1m [[;1m[35m-Winline-rule-shadowing[0m[0m[;1m][0m[0m[;1m
    Rule "NP.realToField :: Word8    -> Double" may never fire
      because `realToField' might inline first
    Probable fix: add an INLINE[n] or NOINLINE[n] pragma for `realToField'[0m[0m
[;1m[34m   |[0m[0m
[;1m[34m95 |[0m[0m      [;1m[35m"NP.realToField :: Word8    -> Double"  realToField = P.realToFrac :: Word8    -> Double[0m[0m;
[;1m[34m   |[0m[0m[;1m[35m      ^^^^^^^^^^^^^^^^^^^^^^^^^^^^^^^^^^^^^^^^^^^^^^^^^^^^^^^^^^^^^^^^^^^^^^^^^^^^^^^^^^^^^^^^[0m[0m
[0m[0m[0m
[;1msrc/Algebra/ToRational.hs:96:6: [;1m[35mwarning:[0m[0m[;1m [[;1m[35m-Winline-rule-shadowing[0m[0m[;1m][0m[0m[;1m
    Rule "NP.realToField :: Word16   -> Double" may never fire
      because `realToField' might inline first
    Probable fix: add an INLINE[n] or NOINLINE[n] pragma for `realToField'[0m[0m
[;1m[34m   |[0m[0m
[;1m[34m96 |[0m[0m      [;1m[35m"NP.realToField :: Word16   -> Double"  realToField = P.realToFrac :: Word16   -> Double[0m[0m;
[;1m[34m   |[0m[0m[;1m[35m      ^^^^^^^^^^^^^^^^^^^^^^^^^^^^^^^^^^^^^^^^^^^^^^^^^^^^^^^^^^^^^^^^^^^^^^^^^^^^^^^^^^^^^^^^[0m[0m
[0m[0m[0m
[;1msrc/Algebra/ToRational.hs:97:6: [;1m[35mwarning:[0m[0m[;1m [[;1m[35m-Winline-rule-shadowing[0m[0m[;1m][0m[0m[;1m
    Rule "NP.realToField :: Word32   -> Double" may never fire
      because `realToField' might inline first
    Probable fix: add an INLINE[n] or NOINLINE[n] pragma for `realToField'[0m[0m
[;1m[34m   |[0m[0m
[;1m[34m97 |[0m[0m      [;1m[35m"NP.realToField :: Word32   -> Double"  realToField = P.realToFrac :: Word32   -> Double[0m[0m;
[;1m[34m   |[0m[0m[;1m[35m      ^^^^^^^^^^^^^^^^^^^^^^^^^^^^^^^^^^^^^^^^^^^^^^^^^^^^^^^^^^^^^^^^^^^^^^^^^^^^^^^^^^^^^^^^[0m[0m
[0m[0m[0m
[;1msrc/Algebra/ToRational.hs:98:6: [;1m[35mwarning:[0m[0m[;1m [[;1m[35m-Winline-rule-shadowing[0m[0m[;1m][0m[0m[;1m
    Rule "NP.realToField :: Word64   -> Double" may never fire
      because `realToField' might inline first
    Probable fix: add an INLINE[n] or NOINLINE[n] pragma for `realToField'[0m[0m
[;1m[34m   |[0m[0m
[;1m[34m98 |[0m[0m      [;1m[35m"NP.realToField :: Word64   -> Double"  realToField = P.realToFrac :: Word64   -> Double[0m[0m;
[;1m[34m   |[0m[0m[;1m[35m      ^^^^^^^^^^^^^^^^^^^^^^^^^^^^^^^^^^^^^^^^^^^^^^^^^^^^^^^^^^^^^^^^^^^^^^^^^^^^^^^^^^^^^^^^[0m[0m
[0m[0m[0m
[;1msrc/Algebra/ToRational.hs:99:6: [;1m[35mwarning:[0m[0m[;1m [[;1m[35m-Winline-rule-shadowing[0m[0m[;1m][0m[0m[;1m
    Rule "NP.realToField :: Float    -> Double" may never fire
      because `realToField' might inline first
    Probable fix: add an INLINE[n] or NOINLINE[n] pragma for `realToField'[0m[0m
[;1m[34m   |[0m[0m
[;1m[34m99 |[0m[0m      [;1m[35m"NP.realToField :: Float    -> Double"  realToField = P.realToFrac :: Float    -> Double[0m[0m;
[;1m[34m   |[0m[0m[;1m[35m      ^^^^^^^^^^^^^^^^^^^^^^^^^^^^^^^^^^^^^^^^^^^^^^^^^^^^^^^^^^^^^^^^^^^^^^^^^^^^^^^^^^^^^^^^[0m[0m
[0m[0m[0m
[;1msrc/Algebra/ToRational.hs:100:6: [;1m[35mwarning:[0m[0m[;1m [[;1m[35m-Winline-rule-shadowing[0m[0m[;1m][0m[0m[;1m
    Rule "NP.realToField :: Double   -> Double" may never fire
      because `realToField' might inline first
    Probable fix: add an INLINE[n] or NOINLINE[n] pragma for `realToField'[0m[0m
[;1m[34m    |[0m[0m
[;1m[34m100 |[0m[0m      [;1m[35m"NP.realToField :: Double   -> Double"  realToField = P.realToFrac :: Double   -> Double[0m[0m;
[;1m[34m    |[0m[0m[;1m[35m      ^^^^^^^^^^^^^^^^^^^^^^^^^^^^^^^^^^^^^^^^^^^^^^^^^^^^^^^^^^^^^^^^^^^^^^^^^^^^^^^^^^^^^^^^[0m[0m
[0m[0m[0m[29 of 97] Compiling Algebra.RealIntegral ( src/Algebra/RealIntegral.hs, .stack-work/dist/x86_64-linux-nix/Cabal-2.0.1.0/build/Algebra/RealIntegral.o )
[30 of 97] Compiling Algebra.ToInteger ( src/Algebra/ToInteger.hs, .stack-work/dist/x86_64-linux-nix/Cabal-2.0.1.0/build/Algebra/ToInteger.o )

[;1msrc/Algebra/ToInteger.hs:58:6: [;1m[35mwarning:[0m[0m[;1m [[;1m[35m-Winline-rule-shadowing[0m[0m[;1m][0m[0m[;1m
    Rule "NP.fromIntegral :: Integer -> Int" may never fire
      because `fromIntegral' might inline first
    Probable fix: add an INLINE[n] or NOINLINE[n] pragma for `fromIntegral'[0m[0m
[;1m[34m   |[0m[0m
[;1m[34m58 |[0m[0m      [;1m[35m"NP.fromIntegral :: Integer -> Int"     fromIntegral = P.fromIntegral :: Integer -> Int[0m[0m;
[;1m[34m   |[0m[0m[;1m[35m      ^^^^^^^^^^^^^^^^^^^^^^^^^^^^^^^^^^^^^^^^^^^^^^^^^^^^^^^^^^^^^^^^^^^^^^^^^^^^^^^^^^^^^^^[0m[0m
[0m[0m[0m
[;1msrc/Algebra/ToInteger.hs:59:6: [;1m[35mwarning:[0m[0m[;1m [[;1m[35m-Winline-rule-shadowing[0m[0m[;1m][0m[0m[;1m
    Rule "NP.fromIntegral :: Integer -> Integer" may never fire
      because `fromIntegral' might inline first
    Probable fix: add an INLINE[n] or NOINLINE[n] pragma for `fromIntegral'[0m[0m
[;1m[34m   |[0m[0m
[;1m[34m59 |[0m[0m      [;1m[35m"NP.fromIntegral :: Integer -> Integer" fromIntegral = P.fromIntegral :: Integer -> Integer[0m[0m;
[;1m[34m   |[0m[0m[;1m[35m      ^^^^^^^^^^^^^^^^^^^^^^^^^^^^^^^^^^^^^^^^^^^^^^^^^^^^^^^^^^^^^^^^^^^^^^^^^^^^^^^^^^^^^^^^^^^[0m[0m
[0m[0m[0m
[;1msrc/Algebra/ToInteger.hs:60:6: [;1m[35mwarning:[0m[0m[;1m [[;1m[35m-Winline-rule-shadowing[0m[0m[;1m][0m[0m[;1m
    Rule "NP.fromIntegral :: Integer -> Float" may never fire
      because `fromIntegral' might inline first
    Probable fix: add an INLINE[n] or NOINLINE[n] pragma for `fromIntegral'[0m[0m
[;1m[34m   |[0m[0m
[;1m[34m60 |[0m[0m      [;1m[35m"NP.fromIntegral :: Integer -> Float"   fromIntegral = P.fromIntegral :: Integer -> Float[0m[0m;
[;1m[34m   |[0m[0m[;1m[35m      ^^^^^^^^^^^^^^^^^^^^^^^^^^^^^^^^^^^^^^^^^^^^^^^^^^^^^^^^^^^^^^^^^^^^^^^^^^^^^^^^^^^^^^^^^[0m[0m
[0m[0m[0m
[;1msrc/Algebra/ToInteger.hs:61:6: [;1m[35mwarning:[0m[0m[;1m [[;1m[35m-Winline-rule-shadowing[0m[0m[;1m][0m[0m[;1m
    Rule "NP.fromIntegral :: Integer -> Double" may never fire
      because `fromIntegral' might inline first
    Probable fix: add an INLINE[n] or NOINLINE[n] pragma for `fromIntegral'[0m[0m
[;1m[34m   |[0m[0m
[;1m[34m61 |[0m[0m      [;1m[35m"NP.fromIntegral :: Integer -> Double"  fromIntegral = P.fromIntegral :: Integer -> Double[0m[0m;
[;1m[34m   |[0m[0m[;1m[35m      ^^^^^^^^^^^^^^^^^^^^^^^^^^^^^^^^^^^^^^^^^^^^^^^^^^^^^^^^^^^^^^^^^^^^^^^^^^^^^^^^^^^^^^^^^^[0m[0m
[0m[0m[0m
[;1msrc/Algebra/ToInteger.hs:62:6: [;1m[35mwarning:[0m[0m[;1m [[;1m[35m-Winline-rule-shadowing[0m[0m[;1m][0m[0m[;1m
    Rule "NP.fromIntegral :: Int -> Int" may never fire
      because `fromIntegral' might inline first
    Probable fix: add an INLINE[n] or NOINLINE[n] pragma for `fromIntegral'[0m[0m
[;1m[34m   |[0m[0m
[;1m[34m62 |[0m[0m      [;1m[35m"NP.fromIntegral :: Int -> Int"         fromIntegral = P.fromIntegral :: Int -> Int[0m[0m;
[;1m[34m   |[0m[0m[;1m[35m      ^^^^^^^^^^^^^^^^^^^^^^^^^^^^^^^^^^^^^^^^^^^^^^^^^^^^^^^^^^^^^^^^^^^^^^^^^^^^^^^^^^^[0m[0m
[0m[0m[0m
[;1msrc/Algebra/ToInteger.hs:63:6: [;1m[35mwarning:[0m[0m[;1m [[;1m[35m-Winline-rule-shadowing[0m[0m[;1m][0m[0m[;1m
    Rule "NP.fromIntegral :: Int -> Integer" may never fire
      because `fromIntegral' might inline first
    Probable fix: add an INLINE[n] or NOINLINE[n] pragma for `fromIntegral'[0m[0m
[;1m[34m   |[0m[0m
[;1m[34m63 |[0m[0m      [;1m[35m"NP.fromIntegral :: Int -> Integer"     fromIntegral = P.fromIntegral :: Int -> Integer[0m[0m;
[;1m[34m   |[0m[0m[;1m[35m      ^^^^^^^^^^^^^^^^^^^^^^^^^^^^^^^^^^^^^^^^^^^^^^^^^^^^^^^^^^^^^^^^^^^^^^^^^^^^^^^^^^^^^^^[0m[0m
[0m[0m[0m
[;1msrc/Algebra/ToInteger.hs:64:6: [;1m[35mwarning:[0m[0m[;1m [[;1m[35m-Winline-rule-shadowing[0m[0m[;1m][0m[0m[;1m
    Rule "NP.fromIntegral :: Int -> Float" may never fire
      because `fromIntegral' might inline first
    Probable fix: add an INLINE[n] or NOINLINE[n] pragma for `fromIntegral'[0m[0m
[;1m[34m   |[0m[0m
[;1m[34m64 |[0m[0m      [;1m[35m"NP.fromIntegral :: Int -> Float"       fromIntegral = P.fromIntegral :: Int -> Float[0m[0m;
[;1m[34m   |[0m[0m[;1m[35m      ^^^^^^^^^^^^^^^^^^^^^^^^^^^^^^^^^^^^^^^^^^^^^^^^^^^^^^^^^^^^^^^^^^^^^^^^^^^^^^^^^^^^^[0m[0m
[0m[0m[0m
[;1msrc/Algebra/ToInteger.hs:65:6: [;1m[35mwarning:[0m[0m[;1m [[;1m[35m-Winline-rule-shadowing[0m[0m[;1m][0m[0m[;1m
    Rule "NP.fromIntegral :: Int -> Double" may never fire
      because `fromIntegral' might inline first
    Probable fix: add an INLINE[n] or NOINLINE[n] pragma for `fromIntegral'[0m[0m
[;1m[34m   |[0m[0m
[;1m[34m65 |[0m[0m      [;1m[35m"NP.fromIntegral :: Int -> Double"      fromIntegral = P.fromIntegral :: Int -> Double[0m[0m;
[;1m[34m   |[0m[0m[;1m[35m      ^^^^^^^^^^^^^^^^^^^^^^^^^^^^^^^^^^^^^^^^^^^^^^^^^^^^^^^^^^^^^^^^^^^^^^^^^^^^^^^^^^^^^^[0m[0m
[0m[0m[0m
[;1msrc/Algebra/ToInteger.hs:66:6: [;1m[35mwarning:[0m[0m[;1m [[;1m[35m-Winline-rule-shadowing[0m[0m[;1m][0m[0m[;1m
    Rule "NP.fromIntegral :: Int8 -> Int" may never fire
      because `fromIntegral' might inline first
    Probable fix: add an INLINE[n] or NOINLINE[n] pragma for `fromIntegral'[0m[0m
[;1m[34m   |[0m[0m
[;1m[34m66 |[0m[0m      [;1m[35m"NP.fromIntegral :: Int8 -> Int"        fromIntegral = P.fromIntegral :: Int8 -> Int[0m[0m;
[;1m[34m   |[0m[0m[;1m[35m      ^^^^^^^^^^^^^^^^^^^^^^^^^^^^^^^^^^^^^^^^^^^^^^^^^^^^^^^^^^^^^^^^^^^^^^^^^^^^^^^^^^^^[0m[0m
[0m[0m[0m
[;1msrc/Algebra/ToInteger.hs:67:6: [;1m[35mwarning:[0m[0m[;1m [[;1m[35m-Winline-rule-shadowing[0m[0m[;1m][0m[0m[;1m
    Rule "NP.fromIntegral :: Int8 -> Integer" may never fire
      because `fromIntegral' might inline first
    Probable fix: add an INLINE[n] or NOINLINE[n] pragma for `fromIntegral'[0m[0m
[;1m[34m   |[0m[0m
[;1m[34m67 |[0m[0m      [;1m[35m"NP.fromIntegral :: Int8 -> Integer"    fromIntegral = P.fromIntegral :: Int8 -> Integer[0m[0m;
[;1m[34m   |[0m[0m[;1m[35m      ^^^^^^^^^^^^^^^^^^^^^^^^^^^^^^^^^^^^^^^^^^^^^^^^^^^^^^^^^^^^^^^^^^^^^^^^^^^^^^^^^^^^^^^^[0m[0m
[0m[0m[0m
[;1msrc/Algebra/ToInteger.hs:68:6: [;1m[35mwarning:[0m[0m[;1m [[;1m[35m-Winline-rule-shadowing[0m[0m[;1m][0m[0m[;1m
    Rule "NP.fromIntegral :: Int8 -> Float" may never fire
      because `fromIntegral' might inline first
    Probable fix: add an INLINE[n] or NOINLINE[n] pragma for `fromIntegral'[0m[0m
[;1m[34m   |[0m[0m
[;1m[34m68 |[0m[0m      [;1m[35m"NP.fromIntegral :: Int8 -> Float"      fromIntegral = P.fromIntegral :: Int8 -> Float[0m[0m;
[;1m[34m   |[0m[0m[;1m[35m      ^^^^^^^^^^^^^^^^^^^^^^^^^^^^^^^^^^^^^^^^^^^^^^^^^^^^^^^^^^^^^^^^^^^^^^^^^^^^^^^^^^^^^^[0m[0m
[0m[0m[0m
[;1msrc/Algebra/ToInteger.hs:69:6: [;1m[35mwarning:[0m[0m[;1m [[;1m[35m-Winline-rule-shadowing[0m[0m[;1m][0m[0m[;1m
    Rule "NP.fromIntegral :: Int8 -> Double" may never fire
      because `fromIntegral' might inline first
    Probable fix: add an INLINE[n] or NOINLINE[n] pragma for `fromIntegral'[0m[0m
[;1m[34m   |[0m[0m
[;1m[34m69 |[0m[0m      [;1m[35m"NP.fromIntegral :: Int8 -> Double"     fromIntegral = P.fromIntegral :: Int8 -> Double[0m[0m;
[;1m[34m   |[0m[0m[;1m[35m      ^^^^^^^^^^^^^^^^^^^^^^^^^^^^^^^^^^^^^^^^^^^^^^^^^^^^^^^^^^^^^^^^^^^^^^^^^^^^^^^^^^^^^^^[0m[0m
[0m[0m[0m
[;1msrc/Algebra/ToInteger.hs:70:6: [;1m[35mwarning:[0m[0m[;1m [[;1m[35m-Winline-rule-shadowing[0m[0m[;1m][0m[0m[;1m
    Rule "NP.fromIntegral :: Int16 -> Int" may never fire
      because `fromIntegral' might inline first
    Probable fix: add an INLINE[n] or NOINLINE[n] pragma for `fromIntegral'[0m[0m
[;1m[34m   |[0m[0m
[;1m[34m70 |[0m[0m      [;1m[35m"NP.fromIntegral :: Int16 -> Int"       fromIntegral = P.fromIntegral :: Int16 -> Int[0m[0m;
[;1m[34m   |[0m[0m[;1m[35m      ^^^^^^^^^^^^^^^^^^^^^^^^^^^^^^^^^^^^^^^^^^^^^^^^^^^^^^^^^^^^^^^^^^^^^^^^^^^^^^^^^^^^^[0m[0m
[0m[0m[0m
[;1msrc/Algebra/ToInteger.hs:71:6: [;1m[35mwarning:[0m[0m[;1m [[;1m[35m-Winline-rule-shadowing[0m[0m[;1m][0m[0m[;1m
    Rule "NP.fromIntegral :: Int16 -> Integer" may never fire
      because `fromIntegral' might inline first
    Probable fix: add an INLINE[n] or NOINLINE[n] pragma for `fromIntegral'[0m[0m
[;1m[34m   |[0m[0m
[;1m[34m71 |[0m[0m      [;1m[35m"NP.fromIntegral :: Int16 -> Integer"   fromIntegral = P.fromIntegral :: Int16 -> Integer[0m[0m;
[;1m[34m   |[0m[0m[;1m[35m      ^^^^^^^^^^^^^^^^^^^^^^^^^^^^^^^^^^^^^^^^^^^^^^^^^^^^^^^^^^^^^^^^^^^^^^^^^^^^^^^^^^^^^^^^^[0m[0m
[0m[0m[0m
[;1msrc/Algebra/ToInteger.hs:72:6: [;1m[35mwarning:[0m[0m[;1m [[;1m[35m-Winline-rule-shadowing[0m[0m[;1m][0m[0m[;1m
    Rule "NP.fromIntegral :: Int16 -> Float" may never fire
      because `fromIntegral' might inline first
    Probable fix: add an INLINE[n] or NOINLINE[n] pragma for `fromIntegral'[0m[0m
[;1m[34m   |[0m[0m
[;1m[34m72 |[0m[0m      [;1m[35m"NP.fromIntegral :: Int16 -> Float"     fromIntegral = P.fromIntegral :: Int16 -> Float[0m[0m;
[;1m[34m   |[0m[0m[;1m[35m      ^^^^^^^^^^^^^^^^^^^^^^^^^^^^^^^^^^^^^^^^^^^^^^^^^^^^^^^^^^^^^^^^^^^^^^^^^^^^^^^^^^^^^^^[0m[0m
[0m[0m[0m
[;1msrc/Algebra/ToInteger.hs:73:6: [;1m[35mwarning:[0m[0m[;1m [[;1m[35m-Winline-rule-shadowing[0m[0m[;1m][0m[0m[;1m
    Rule "NP.fromIntegral :: Int16 -> Double" may never fire
      because `fromIntegral' might inline first
    Probable fix: add an INLINE[n] or NOINLINE[n] pragma for `fromIntegral'[0m[0m
[;1m[34m   |[0m[0m
[;1m[34m73 |[0m[0m      [;1m[35m"NP.fromIntegral :: Int16 -> Double"    fromIntegral = P.fromIntegral :: Int16 -> Double[0m[0m;
[;1m[34m   |[0m[0m[;1m[35m      ^^^^^^^^^^^^^^^^^^^^^^^^^^^^^^^^^^^^^^^^^^^^^^^^^^^^^^^^^^^^^^^^^^^^^^^^^^^^^^^^^^^^^^^^[0m[0m
[0m[0m[0m
[;1msrc/Algebra/ToInteger.hs:74:6: [;1m[35mwarning:[0m[0m[;1m [[;1m[35m-Winline-rule-shadowing[0m[0m[;1m][0m[0m[;1m
    Rule "NP.fromIntegral :: Int32 -> Int" may never fire
      because `fromIntegral' might inline first
    Probable fix: add an INLINE[n] or NOINLINE[n] pragma for `fromIntegral'[0m[0m
[;1m[34m   |[0m[0m
[;1m[34m74 |[0m[0m      [;1m[35m"NP.fromIntegral :: Int32 -> Int"       fromIntegral = P.fromIntegral :: Int32 -> Int[0m[0m;
[;1m[34m   |[0m[0m[;1m[35m      ^^^^^^^^^^^^^^^^^^^^^^^^^^^^^^^^^^^^^^^^^^^^^^^^^^^^^^^^^^^^^^^^^^^^^^^^^^^^^^^^^^^^^[0m[0m
[0m[0m[0m
[;1msrc/Algebra/ToInteger.hs:75:6: [;1m[35mwarning:[0m[0m[;1m [[;1m[35m-Winline-rule-shadowing[0m[0m[;1m][0m[0m[;1m
    Rule "NP.fromIntegral :: Int32 -> Integer" may never fire
      because `fromIntegral' might inline first
    Probable fix: add an INLINE[n] or NOINLINE[n] pragma for `fromIntegral'[0m[0m
[;1m[34m   |[0m[0m
[;1m[34m75 |[0m[0m      [;1m[35m"NP.fromIntegral :: Int32 -> Integer"   fromIntegral = P.fromIntegral :: Int32 -> Integer[0m[0m;
[;1m[34m   |[0m[0m[;1m[35m      ^^^^^^^^^^^^^^^^^^^^^^^^^^^^^^^^^^^^^^^^^^^^^^^^^^^^^^^^^^^^^^^^^^^^^^^^^^^^^^^^^^^^^^^^^[0m[0m
[0m[0m[0m
[;1msrc/Algebra/ToInteger.hs:76:6: [;1m[35mwarning:[0m[0m[;1m [[;1m[35m-Winline-rule-shadowing[0m[0m[;1m][0m[0m[;1m
    Rule "NP.fromIntegral :: Int32 -> Float" may never fire
      because `fromIntegral' might inline first
    Probable fix: add an INLINE[n] or NOINLINE[n] pragma for `fromIntegral'[0m[0m
[;1m[34m   |[0m[0m
[;1m[34m76 |[0m[0m      [;1m[35m"NP.fromIntegral :: Int32 -> Float"     fromIntegral = P.fromIntegral :: Int32 -> Float[0m[0m;
[;1m[34m   |[0m[0m[;1m[35m      ^^^^^^^^^^^^^^^^^^^^^^^^^^^^^^^^^^^^^^^^^^^^^^^^^^^^^^^^^^^^^^^^^^^^^^^^^^^^^^^^^^^^^^^[0m[0m
[0m[0m[0m
[;1msrc/Algebra/ToInteger.hs:77:6: [;1m[35mwarning:[0m[0m[;1m [[;1m[35m-Winline-rule-shadowing[0m[0m[;1m][0m[0m[;1m
    Rule "NP.fromIntegral :: Int32 -> Double" may never fire
      because `fromIntegral' might inline first
    Probable fix: add an INLINE[n] or NOINLINE[n] pragma for `fromIntegral'[0m[0m
[;1m[34m   |[0m[0m
[;1m[34m77 |[0m[0m      [;1m[35m"NP.fromIntegral :: Int32 -> Double"    fromIntegral = P.fromIntegral :: Int32 -> Double[0m[0m;
[;1m[34m   |[0m[0m[;1m[35m      ^^^^^^^^^^^^^^^^^^^^^^^^^^^^^^^^^^^^^^^^^^^^^^^^^^^^^^^^^^^^^^^^^^^^^^^^^^^^^^^^^^^^^^^^[0m[0m
[0m[0m[0m
[;1msrc/Algebra/ToInteger.hs:78:6: [;1m[35mwarning:[0m[0m[;1m [[;1m[35m-Winline-rule-shadowing[0m[0m[;1m][0m[0m[;1m
    Rule "NP.fromIntegral :: Int64 -> Int" may never fire
      because `fromIntegral' might inline first
    Probable fix: add an INLINE[n] or NOINLINE[n] pragma for `fromIntegral'[0m[0m
[;1m[34m   |[0m[0m
[;1m[34m78 |[0m[0m      [;1m[35m"NP.fromIntegral :: Int64 -> Int"       fromIntegral = P.fromIntegral :: Int64 -> Int[0m[0m;
[;1m[34m   |[0m[0m[;1m[35m      ^^^^^^^^^^^^^^^^^^^^^^^^^^^^^^^^^^^^^^^^^^^^^^^^^^^^^^^^^^^^^^^^^^^^^^^^^^^^^^^^^^^^^[0m[0m
[0m[0m[0m
[;1msrc/Algebra/ToInteger.hs:79:6: [;1m[35mwarning:[0m[0m[;1m [[;1m[35m-Winline-rule-shadowing[0m[0m[;1m][0m[0m[;1m
    Rule "NP.fromIntegral :: Int64 -> Integer" may never fire
      because `fromIntegral' might inline first
    Probable fix: add an INLINE[n] or NOINLINE[n] pragma for `fromIntegral'[0m[0m
[;1m[34m   |[0m[0m
[;1m[34m79 |[0m[0m      [;1m[35m"NP.fromIntegral :: Int64 -> Integer"   fromIntegral = P.fromIntegral :: Int64 -> Integer[0m[0m;
[;1m[34m   |[0m[0m[;1m[35m      ^^^^^^^^^^^^^^^^^^^^^^^^^^^^^^^^^^^^^^^^^^^^^^^^^^^^^^^^^^^^^^^^^^^^^^^^^^^^^^^^^^^^^^^^^[0m[0m
[0m[0m[0m
[;1msrc/Algebra/ToInteger.hs:80:6: [;1m[35mwarning:[0m[0m[;1m [[;1m[35m-Winline-rule-shadowing[0m[0m[;1m][0m[0m[;1m
    Rule "NP.fromIntegral :: Int64 -> Float" may never fire
      because `fromIntegral' might inline first
    Probable fix: add an INLINE[n] or NOINLINE[n] pragma for `fromIntegral'[0m[0m
[;1m[34m   |[0m[0m
[;1m[34m80 |[0m[0m      [;1m[35m"NP.fromIntegral :: Int64 -> Float"     fromIntegral = P.fromIntegral :: Int64 -> Float[0m[0m;
[;1m[34m   |[0m[0m[;1m[35m      ^^^^^^^^^^^^^^^^^^^^^^^^^^^^^^^^^^^^^^^^^^^^^^^^^^^^^^^^^^^^^^^^^^^^^^^^^^^^^^^^^^^^^^^[0m[0m
[0m[0m[0m
[;1msrc/Algebra/ToInteger.hs:81:6: [;1m[35mwarning:[0m[0m[;1m [[;1m[35m-Winline-rule-shadowing[0m[0m[;1m][0m[0m[;1m
    Rule "NP.fromIntegral :: Int64 -> Double" may never fire
      because `fromIntegral' might inline first
    Probable fix: add an INLINE[n] or NOINLINE[n] pragma for `fromIntegral'[0m[0m
[;1m[34m   |[0m[0m
[;1m[34m81 |[0m[0m      [;1m[35m"NP.fromIntegral :: Int64 -> Double"    fromIntegral = P.fromIntegral :: Int64 -> Double[0m[0m;
[;1m[34m   |[0m[0m[;1m[35m      ^^^^^^^^^^^^^^^^^^^^^^^^^^^^^^^^^^^^^^^^^^^^^^^^^^^^^^^^^^^^^^^^^^^^^^^^^^^^^^^^^^^^^^^^[0m[0m
[0m[0m[0m
[;1msrc/Algebra/ToInteger.hs:82:6: [;1m[35mwarning:[0m[0m[;1m [[;1m[35m-Winline-rule-shadowing[0m[0m[;1m][0m[0m[;1m
    Rule "NP.fromIntegral :: Word -> Int" may never fire
      because `fromIntegral' might inline first
    Probable fix: add an INLINE[n] or NOINLINE[n] pragma for `fromIntegral'[0m[0m
[;1m[34m   |[0m[0m
[;1m[34m82 |[0m[0m      [;1m[35m"NP.fromIntegral :: Word -> Int"        fromIntegral = P.fromIntegral :: Word -> Int[0m[0m;
[;1m[34m   |[0m[0m[;1m[35m      ^^^^^^^^^^^^^^^^^^^^^^^^^^^^^^^^^^^^^^^^^^^^^^^^^^^^^^^^^^^^^^^^^^^^^^^^^^^^^^^^^^^^[0m[0m
[0m[0m[0m
[;1msrc/Algebra/ToInteger.hs:83:6: [;1m[35mwarning:[0m[0m[;1m [[;1m[35m-Winline-rule-shadowing[0m[0m[;1m][0m[0m[;1m
    Rule "NP.fromIntegral :: Word -> Integer" may never fire
      because `fromIntegral' might inline first
    Probable fix: add an INLINE[n] or NOINLINE[n] pragma for `fromIntegral'[0m[0m
[;1m[34m   |[0m[0m
[;1m[34m83 |[0m[0m      [;1m[35m"NP.fromIntegral :: Word -> Integer"    fromIntegral = P.fromIntegral :: Word -> Integer[0m[0m;
[;1m[34m   |[0m[0m[;1m[35m      ^^^^^^^^^^^^^^^^^^^^^^^^^^^^^^^^^^^^^^^^^^^^^^^^^^^^^^^^^^^^^^^^^^^^^^^^^^^^^^^^^^^^^^^^[0m[0m
[0m[0m[0m
[;1msrc/Algebra/ToInteger.hs:84:6: [;1m[35mwarning:[0m[0m[;1m [[;1m[35m-Winline-rule-shadowing[0m[0m[;1m][0m[0m[;1m
    Rule "NP.fromIntegral :: Word -> Float" may never fire
      because `fromIntegral' might inline first
    Probable fix: add an INLINE[n] or NOINLINE[n] pragma for `fromIntegral'[0m[0m
[;1m[34m   |[0m[0m
[;1m[34m84 |[0m[0m      [;1m[35m"NP.fromIntegral :: Word -> Float"      fromIntegral = P.fromIntegral :: Word -> Float[0m[0m;
[;1m[34m   |[0m[0m[;1m[35m      ^^^^^^^^^^^^^^^^^^^^^^^^^^^^^^^^^^^^^^^^^^^^^^^^^^^^^^^^^^^^^^^^^^^^^^^^^^^^^^^^^^^^^^[0m[0m
[0m[0m[0m
[;1msrc/Algebra/ToInteger.hs:85:6: [;1m[35mwarning:[0m[0m[;1m [[;1m[35m-Winline-rule-shadowing[0m[0m[;1m][0m[0m[;1m
    Rule "NP.fromIntegral :: Word -> Double" may never fire
      because `fromIntegral' might inline first
    Probable fix: add an INLINE[n] or NOINLINE[n] pragma for `fromIntegral'[0m[0m
[;1m[34m   |[0m[0m
[;1m[34m85 |[0m[0m      [;1m[35m"NP.fromIntegral :: Word -> Double"     fromIntegral = P.fromIntegral :: Word -> Double[0m[0m;
[;1m[34m   |[0m[0m[;1m[35m      ^^^^^^^^^^^^^^^^^^^^^^^^^^^^^^^^^^^^^^^^^^^^^^^^^^^^^^^^^^^^^^^^^^^^^^^^^^^^^^^^^^^^^^^[0m[0m
[0m[0m[0m
[;1msrc/Algebra/ToInteger.hs:86:6: [;1m[35mwarning:[0m[0m[;1m [[;1m[35m-Winline-rule-shadowing[0m[0m[;1m][0m[0m[;1m
    Rule "NP.fromIntegral :: Word8 -> Int" may never fire
      because `fromIntegral' might inline first
    Probable fix: add an INLINE[n] or NOINLINE[n] pragma for `fromIntegral'[0m[0m
[;1m[34m   |[0m[0m
[;1m[34m86 |[0m[0m      [;1m[35m"NP.fromIntegral :: Word8 -> Int"       fromIntegral = P.fromIntegral :: Word8 -> Int[0m[0m;
[;1m[34m   |[0m[0m[;1m[35m      ^^^^^^^^^^^^^^^^^^^^^^^^^^^^^^^^^^^^^^^^^^^^^^^^^^^^^^^^^^^^^^^^^^^^^^^^^^^^^^^^^^^^^[0m[0m
[0m[0m[0m
[;1msrc/Algebra/ToInteger.hs:87:6: [;1m[35mwarning:[0m[0m[;1m [[;1m[35m-Winline-rule-shadowing[0m[0m[;1m][0m[0m[;1m
    Rule "NP.fromIntegral :: Word8 -> Integer" may never fire
      because `fromIntegral' might inline first
    Probable fix: add an INLINE[n] or NOINLINE[n] pragma for `fromIntegral'[0m[0m
[;1m[34m   |[0m[0m
[;1m[34m87 |[0m[0m      [;1m[35m"NP.fromIntegral :: Word8 -> Integer"   fromIntegral = P.fromIntegral :: Word8 -> Integer[0m[0m;
[;1m[34m   |[0m[0m[;1m[35m      ^^^^^^^^^^^^^^^^^^^^^^^^^^^^^^^^^^^^^^^^^^^^^^^^^^^^^^^^^^^^^^^^^^^^^^^^^^^^^^^^^^^^^^^^^[0m[0m
[0m[0m[0m
[;1msrc/Algebra/ToInteger.hs:88:6: [;1m[35mwarning:[0m[0m[;1m [[;1m[35m-Winline-rule-shadowing[0m[0m[;1m][0m[0m[;1m
    Rule "NP.fromIntegral :: Word8 -> Float" may never fire
      because `fromIntegral' might inline first
    Probable fix: add an INLINE[n] or NOINLINE[n] pragma for `fromIntegral'[0m[0m
[;1m[34m   |[0m[0m
[;1m[34m88 |[0m[0m      [;1m[35m"NP.fromIntegral :: Word8 -> Float"     fromIntegral = P.fromIntegral :: Word8 -> Float[0m[0m;
[;1m[34m   |[0m[0m[;1m[35m      ^^^^^^^^^^^^^^^^^^^^^^^^^^^^^^^^^^^^^^^^^^^^^^^^^^^^^^^^^^^^^^^^^^^^^^^^^^^^^^^^^^^^^^^[0m[0m
[0m[0m[0m
[;1msrc/Algebra/ToInteger.hs:89:6: [;1m[35mwarning:[0m[0m[;1m [[;1m[35m-Winline-rule-shadowing[0m[0m[;1m][0m[0m[;1m
    Rule "NP.fromIntegral :: Word8 -> Double" may never fire
      because `fromIntegral' might inline first
    Probable fix: add an INLINE[n] or NOINLINE[n] pragma for `fromIntegral'[0m[0m
[;1m[34m   |[0m[0m
[;1m[34m89 |[0m[0m      [;1m[35m"NP.fromIntegral :: Word8 -> Double"    fromIntegral = P.fromIntegral :: Word8 -> Double[0m[0m;
[;1m[34m   |[0m[0m[;1m[35m      ^^^^^^^^^^^^^^^^^^^^^^^^^^^^^^^^^^^^^^^^^^^^^^^^^^^^^^^^^^^^^^^^^^^^^^^^^^^^^^^^^^^^^^^^[0m[0m
[0m[0m[0m
[;1msrc/Algebra/ToInteger.hs:90:6: [;1m[35mwarning:[0m[0m[;1m [[;1m[35m-Winline-rule-shadowing[0m[0m[;1m][0m[0m[;1m
    Rule "NP.fromIntegral :: Word16 -> Int" may never fire
      because `fromIntegral' might inline first
    Probable fix: add an INLINE[n] or NOINLINE[n] pragma for `fromIntegral'[0m[0m
[;1m[34m   |[0m[0m
[;1m[34m90 |[0m[0m      [;1m[35m"NP.fromIntegral :: Word16 -> Int"      fromIntegral = P.fromIntegral :: Word16 -> Int[0m[0m;
[;1m[34m   |[0m[0m[;1m[35m      ^^^^^^^^^^^^^^^^^^^^^^^^^^^^^^^^^^^^^^^^^^^^^^^^^^^^^^^^^^^^^^^^^^^^^^^^^^^^^^^^^^^^^^[0m[0m
[0m[0m[0m
[;1msrc/Algebra/ToInteger.hs:91:6: [;1m[35mwarning:[0m[0m[;1m [[;1m[35m-Winline-rule-shadowing[0m[0m[;1m][0m[0m[;1m
    Rule "NP.fromIntegral :: Word16 -> Integer" may never fire
      because `fromIntegral' might inline first
    Probable fix: add an INLINE[n] or NOINLINE[n] pragma for `fromIntegral'[0m[0m
[;1m[34m   |[0m[0m
[;1m[34m91 |[0m[0m      [;1m[35m"NP.fromIntegral :: Word16 -> Integer"  fromIntegral = P.fromIntegral :: Word16 -> Integer[0m[0m;
[;1m[34m   |[0m[0m[;1m[35m      ^^^^^^^^^^^^^^^^^^^^^^^^^^^^^^^^^^^^^^^^^^^^^^^^^^^^^^^^^^^^^^^^^^^^^^^^^^^^^^^^^^^^^^^^^^[0m[0m
[0m[0m[0m
[;1msrc/Algebra/ToInteger.hs:92:6: [;1m[35mwarning:[0m[0m[;1m [[;1m[35m-Winline-rule-shadowing[0m[0m[;1m][0m[0m[;1m
    Rule "NP.fromIntegral :: Word16 -> Float" may never fire
      because `fromIntegral' might inline first
    Probable fix: add an INLINE[n] or NOINLINE[n] pragma for `fromIntegral'[0m[0m
[;1m[34m   |[0m[0m
[;1m[34m92 |[0m[0m      [;1m[35m"NP.fromIntegral :: Word16 -> Float"    fromIntegral = P.fromIntegral :: Word16 -> Float[0m[0m;
[;1m[34m   |[0m[0m[;1m[35m      ^^^^^^^^^^^^^^^^^^^^^^^^^^^^^^^^^^^^^^^^^^^^^^^^^^^^^^^^^^^^^^^^^^^^^^^^^^^^^^^^^^^^^^^^[0m[0m
[0m[0m[0m
[;1msrc/Algebra/ToInteger.hs:93:6: [;1m[35mwarning:[0m[0m[;1m [[;1m[35m-Winline-rule-shadowing[0m[0m[;1m][0m[0m[;1m
    Rule "NP.fromIntegral :: Word16 -> Double" may never fire
      because `fromIntegral' might inline first
    Probable fix: add an INLINE[n] or NOINLINE[n] pragma for `fromIntegral'[0m[0m
[;1m[34m   |[0m[0m
[;1m[34m93 |[0m[0m      [;1m[35m"NP.fromIntegral :: Word16 -> Double"   fromIntegral = P.fromIntegral :: Word16 -> Double[0m[0m;
[;1m[34m   |[0m[0m[;1m[35m      ^^^^^^^^^^^^^^^^^^^^^^^^^^^^^^^^^^^^^^^^^^^^^^^^^^^^^^^^^^^^^^^^^^^^^^^^^^^^^^^^^^^^^^^^^[0m[0m
[0m[0m[0m
[;1msrc/Algebra/ToInteger.hs:94:6: [;1m[35mwarning:[0m[0m[;1m [[;1m[35m-Winline-rule-shadowing[0m[0m[;1m][0m[0m[;1m
    Rule "NP.fromIntegral :: Word32 -> Int" may never fire
      because `fromIntegral' might inline first
    Probable fix: add an INLINE[n] or NOINLINE[n] pragma for `fromIntegral'[0m[0m
[;1m[34m   |[0m[0m
[;1m[34m94 |[0m[0m      [;1m[35m"NP.fromIntegral :: Word32 -> Int"      fromIntegral = P.fromIntegral :: Word32 -> Int[0m[0m;
[;1m[34m   |[0m[0m[;1m[35m      ^^^^^^^^^^^^^^^^^^^^^^^^^^^^^^^^^^^^^^^^^^^^^^^^^^^^^^^^^^^^^^^^^^^^^^^^^^^^^^^^^^^^^^[0m[0m
[0m[0m[0m
[;1msrc/Algebra/ToInteger.hs:95:6: [;1m[35mwarning:[0m[0m[;1m [[;1m[35m-Winline-rule-shadowing[0m[0m[;1m][0m[0m[;1m
    Rule "NP.fromIntegral :: Word32 -> Integer" may never fire
      because `fromIntegral' might inline first
    Probable fix: add an INLINE[n] or NOINLINE[n] pragma for `fromIntegral'[0m[0m
[;1m[34m   |[0m[0m
[;1m[34m95 |[0m[0m      [;1m[35m"NP.fromIntegral :: Word32 -> Integer"  fromIntegral = P.fromIntegral :: Word32 -> Integer[0m[0m;
[;1m[34m   |[0m[0m[;1m[35m      ^^^^^^^^^^^^^^^^^^^^^^^^^^^^^^^^^^^^^^^^^^^^^^^^^^^^^^^^^^^^^^^^^^^^^^^^^^^^^^^^^^^^^^^^^^[0m[0m
[0m[0m[0m
[;1msrc/Algebra/ToInteger.hs:96:6: [;1m[35mwarning:[0m[0m[;1m [[;1m[35m-Winline-rule-shadowing[0m[0m[;1m][0m[0m[;1m
    Rule "NP.fromIntegral :: Word32 -> Float" may never fire
      because `fromIntegral' might inline first
    Probable fix: add an INLINE[n] or NOINLINE[n] pragma for `fromIntegral'[0m[0m
[;1m[34m   |[0m[0m
[;1m[34m96 |[0m[0m      [;1m[35m"NP.fromIntegral :: Word32 -> Float"    fromIntegral = P.fromIntegral :: Word32 -> Float[0m[0m;
[;1m[34m   |[0m[0m[;1m[35m      ^^^^^^^^^^^^^^^^^^^^^^^^^^^^^^^^^^^^^^^^^^^^^^^^^^^^^^^^^^^^^^^^^^^^^^^^^^^^^^^^^^^^^^^^[0m[0m
[0m[0m[0m
[;1msrc/Algebra/ToInteger.hs:97:6: [;1m[35mwarning:[0m[0m[;1m [[;1m[35m-Winline-rule-shadowing[0m[0m[;1m][0m[0m[;1m
    Rule "NP.fromIntegral :: Word32 -> Double" may never fire
      because `fromIntegral' might inline first
    Probable fix: add an INLINE[n] or NOINLINE[n] pragma for `fromIntegral'[0m[0m
[;1m[34m   |[0m[0m
[;1m[34m97 |[0m[0m      [;1m[35m"NP.fromIntegral :: Word32 -> Double"   fromIntegral = P.fromIntegral :: Word32 -> Double[0m[0m;
[;1m[34m   |[0m[0m[;1m[35m      ^^^^^^^^^^^^^^^^^^^^^^^^^^^^^^^^^^^^^^^^^^^^^^^^^^^^^^^^^^^^^^^^^^^^^^^^^^^^^^^^^^^^^^^^^[0m[0m
[0m[0m[0m
[;1msrc/Algebra/ToInteger.hs:98:6: [;1m[35mwarning:[0m[0m[;1m [[;1m[35m-Winline-rule-shadowing[0m[0m[;1m][0m[0m[;1m
    Rule "NP.fromIntegral :: Word64 -> Int" may never fire
      because `fromIntegral' might inline first
    Probable fix: add an INLINE[n] or NOINLINE[n] pragma for `fromIntegral'[0m[0m
[;1m[34m   |[0m[0m
[;1m[34m98 |[0m[0m      [;1m[35m"NP.fromIntegral :: Word64 -> Int"      fromIntegral = P.fromIntegral :: Word64 -> Int[0m[0m;
[;1m[34m   |[0m[0m[;1m[35m      ^^^^^^^^^^^^^^^^^^^^^^^^^^^^^^^^^^^^^^^^^^^^^^^^^^^^^^^^^^^^^^^^^^^^^^^^^^^^^^^^^^^^^^[0m[0m
[0m[0m[0m
[;1msrc/Algebra/ToInteger.hs:99:6: [;1m[35mwarning:[0m[0m[;1m [[;1m[35m-Winline-rule-shadowing[0m[0m[;1m][0m[0m[;1m
    Rule "NP.fromIntegral :: Word64 -> Integer" may never fire
      because `fromIntegral' might inline first
    Probable fix: add an INLINE[n] or NOINLINE[n] pragma for `fromIntegral'[0m[0m
[;1m[34m   |[0m[0m
[;1m[34m99 |[0m[0m      [;1m[35m"NP.fromIntegral :: Word64 -> Integer"  fromIntegral = P.fromIntegral :: Word64 -> Integer[0m[0m;
[;1m[34m   |[0m[0m[;1m[35m      ^^^^^^^^^^^^^^^^^^^^^^^^^^^^^^^^^^^^^^^^^^^^^^^^^^^^^^^^^^^^^^^^^^^^^^^^^^^^^^^^^^^^^^^^^^[0m[0m
[0m[0m[0m
[;1msrc/Algebra/ToInteger.hs:100:6: [;1m[35mwarning:[0m[0m[;1m [[;1m[35m-Winline-rule-shadowing[0m[0m[;1m][0m[0m[;1m
    Rule "NP.fromIntegral :: Word64 -> Float" may never fire
      because `fromIntegral' might inline first
    Probable fix: add an INLINE[n] or NOINLINE[n] pragma for `fromIntegral'[0m[0m
[;1m[34m    |[0m[0m
[;1m[34m100 |[0m[0m      [;1m[35m"NP.fromIntegral :: Word64 -> Float"    fromIntegral = P.fromIntegral :: Word64 -> Float[0m[0m;
[;1m[34m    |[0m[0m[;1m[35m      ^^^^^^^^^^^^^^^^^^^^^^^^^^^^^^^^^^^^^^^^^^^^^^^^^^^^^^^^^^^^^^^^^^^^^^^^^^^^^^^^^^^^^^^^[0m[0m
[0m[0m[0m
[;1msrc/Algebra/ToInteger.hs:101:6: [;1m[35mwarning:[0m[0m[;1m [[;1m[35m-Winline-rule-shadowing[0m[0m[;1m][0m[0m[;1m
    Rule "NP.fromIntegral :: Word64 -> Double" may never fire
      because `fromIntegral' might inline first
    Probable fix: add an INLINE[n] or NOINLINE[n] pragma for `fromIntegral'[0m[0m
[;1m[34m    |[0m[0m
[;1m[34m101 |[0m[0m      [;1m[35m"NP.fromIntegral :: Word64 -> Double"   fromIntegral = P.fromIntegral :: Word64 -> Double[0m[0m;
[;1m[34m    |[0m[0m[;1m[35m      ^^^^^^^^^^^^^^^^^^^^^^^^^^^^^^^^^^^^^^^^^^^^^^^^^^^^^^^^^^^^^^^^^^^^^^^^^^^^^^^^^^^^^^^^^[0m[0m
[0m[0m[0m[31 of 97] Compiling Algebra.Module   ( src/Algebra/Module.hs, .stack-work/dist/x86_64-linux-nix/Cabal-2.0.1.0/build/Algebra/Module.o )
[32 of 97] Compiling Algebra.VectorSpace ( src/Algebra/VectorSpace.hs, .stack-work/dist/x86_64-linux-nix/Cabal-2.0.1.0/build/Algebra/VectorSpace.o )
[33 of 97] Compiling Algebra.DivisibleSpace ( src/Algebra/DivisibleSpace.hs, .stack-work/dist/x86_64-linux-nix/Cabal-2.0.1.0/build/Algebra/DivisibleSpace.o )
[34 of 97] Compiling Algebra.ModuleBasis ( src/Algebra/ModuleBasis.hs, .stack-work/dist/x86_64-linux-nix/Cabal-2.0.1.0/build/Algebra/ModuleBasis.o )
[35 of 97] Compiling Algebra.Algebraic ( src/Algebra/Algebraic.hs, .stack-work/dist/x86_64-linux-nix/Cabal-2.0.1.0/build/Algebra/Algebraic.o )
[36 of 97] Compiling Algebra.Transcendental ( src/Algebra/Transcendental.hs, .stack-work/dist/x86_64-linux-nix/Cabal-2.0.1.0/build/Algebra/Transcendental.o )
[37 of 97] Compiling Algebra.RealRing ( src/Algebra/RealRing.hs, .stack-work/dist/x86_64-linux-nix/Cabal-2.0.1.0/build/Algebra/RealRing.o )

[;1msrc/Algebra/RealRing.hs:440:6: [;1m[35mwarning:[0m[0m[;1m [[;1m[35m-Winline-rule-shadowing[0m[0m[;1m][0m[0m[;1m
    Rule "NP.roundSimple :: a -> Int8" may never fire
      because `roundSimple' might inline first
    Probable fix: add an INLINE[n] or NOINLINE[n] pragma for `roundSimple'[0m[0m
[;1m[34m    |[0m[0m
[;1m[34m440 |[0m[0m      [;1m[35m"NP.roundSimple :: a -> Int8"    roundSimple = (P.fromIntegral :: Int -> Int8) . roundSimple[0m[0m;
[;1m[34m    |[0m[0m[;1m[35m      ^^^^^^^^^^^^^^^^^^^^^^^^^^^^^^^^^^^^^^^^^^^^^^^^^^^^^^^^^^^^^^^^^^^^^^^^^^^^^^^^^^^^^^^^^^^^[0m[0m
[0m[0m[0m
[;1msrc/Algebra/RealRing.hs:445:6: [;1m[35mwarning:[0m[0m[;1m [[;1m[35m-Winline-rule-shadowing[0m[0m[;1m][0m[0m[;1m
    Rule "NP.roundSimple :: a -> Int16" may never fire
      because `roundSimple' might inline first
    Probable fix: add an INLINE[n] or NOINLINE[n] pragma for `roundSimple'[0m[0m
[;1m[34m    |[0m[0m
[;1m[34m445 |[0m[0m      [;1m[35m"NP.roundSimple :: a -> Int16"   roundSimple = (P.fromIntegral :: Int -> Int16) . roundSimple[0m[0m;
[;1m[34m    |[0m[0m[;1m[35m      ^^^^^^^^^^^^^^^^^^^^^^^^^^^^^^^^^^^^^^^^^^^^^^^^^^^^^^^^^^^^^^^^^^^^^^^^^^^^^^^^^^^^^^^^^^^^^[0m[0m
[0m[0m[0m
[;1msrc/Algebra/RealRing.hs:450:6: [;1m[35mwarning:[0m[0m[;1m [[;1m[35m-Winline-rule-shadowing[0m[0m[;1m][0m[0m[;1m
    Rule "NP.roundSimple :: a -> Int32" may never fire
      because `roundSimple' might inline first
    Probable fix: add an INLINE[n] or NOINLINE[n] pragma for `roundSimple'[0m[0m
[;1m[34m    |[0m[0m
[;1m[34m450 |[0m[0m      [;1m[35m"NP.roundSimple :: a -> Int32"   roundSimple = (P.fromIntegral :: Int -> Int32) . roundSimple[0m[0m;
[;1m[34m    |[0m[0m[;1m[35m      ^^^^^^^^^^^^^^^^^^^^^^^^^^^^^^^^^^^^^^^^^^^^^^^^^^^^^^^^^^^^^^^^^^^^^^^^^^^^^^^^^^^^^^^^^^^^^[0m[0m
[0m[0m[0m
[;1msrc/Algebra/RealRing.hs:455:6: [;1m[35mwarning:[0m[0m[;1m [[;1m[35m-Winline-rule-shadowing[0m[0m[;1m][0m[0m[;1m
    Rule "NP.roundSimple :: a -> Int64" may never fire
      because `roundSimple' might inline first
    Probable fix: add an INLINE[n] or NOINLINE[n] pragma for `roundSimple'[0m[0m
[;1m[34m    |[0m[0m
[;1m[34m455 |[0m[0m      [;1m[35m"NP.roundSimple :: a -> Int64"   roundSimple = (P.fromIntegral :: Int -> Int64) . roundSimple[0m[0m;
[;1m[34m    |[0m[0m[;1m[35m      ^^^^^^^^^^^^^^^^^^^^^^^^^^^^^^^^^^^^^^^^^^^^^^^^^^^^^^^^^^^^^^^^^^^^^^^^^^^^^^^^^^^^^^^^^^^^^[0m[0m
[0m[0m[0m
[;1msrc/Algebra/RealRing.hs:460:6: [;1m[35mwarning:[0m[0m[;1m [[;1m[35m-Winline-rule-shadowing[0m[0m[;1m][0m[0m[;1m
    Rule "NP.roundSimple :: a -> Word" may never fire
      because `roundSimple' might inline first
    Probable fix: add an INLINE[n] or NOINLINE[n] pragma for `roundSimple'[0m[0m
[;1m[34m    |[0m[0m
[;1m[34m460 |[0m[0m      [;1m[35m"NP.roundSimple :: a -> Word"    roundSimple = (P.fromIntegral :: Int -> Word) . roundSimple[0m[0m;
[;1m[34m    |[0m[0m[;1m[35m      ^^^^^^^^^^^^^^^^^^^^^^^^^^^^^^^^^^^^^^^^^^^^^^^^^^^^^^^^^^^^^^^^^^^^^^^^^^^^^^^^^^^^^^^^^^^^[0m[0m
[0m[0m[0m
[;1msrc/Algebra/RealRing.hs:465:6: [;1m[35mwarning:[0m[0m[;1m [[;1m[35m-Winline-rule-shadowing[0m[0m[;1m][0m[0m[;1m
    Rule "NP.roundSimple :: a -> Word8" may never fire
      because `roundSimple' might inline first
    Probable fix: add an INLINE[n] or NOINLINE[n] pragma for `roundSimple'[0m[0m
[;1m[34m    |[0m[0m
[;1m[34m465 |[0m[0m      [;1m[35m"NP.roundSimple :: a -> Word8"   roundSimple = (P.fromIntegral :: Int -> Word8) . roundSimple[0m[0m;
[;1m[34m    |[0m[0m[;1m[35m      ^^^^^^^^^^^^^^^^^^^^^^^^^^^^^^^^^^^^^^^^^^^^^^^^^^^^^^^^^^^^^^^^^^^^^^^^^^^^^^^^^^^^^^^^^^^^^[0m[0m
[0m[0m[0m
[;1msrc/Algebra/RealRing.hs:470:6: [;1m[35mwarning:[0m[0m[;1m [[;1m[35m-Winline-rule-shadowing[0m[0m[;1m][0m[0m[;1m
    Rule "NP.roundSimple :: a -> Word16" may never fire
      because `roundSimple' might inline first
    Probable fix: add an INLINE[n] or NOINLINE[n] pragma for `roundSimple'[0m[0m
[;1m[34m    |[0m[0m
[;1m[34m470 |[0m[0m      [;1m[35m"NP.roundSimple :: a -> Word16"  roundSimple = (P.fromIntegral :: Int -> Word16) . roundSimple[0m[0m;
[;1m[34m    |[0m[0m[;1m[35m      ^^^^^^^^^^^^^^^^^^^^^^^^^^^^^^^^^^^^^^^^^^^^^^^^^^^^^^^^^^^^^^^^^^^^^^^^^^^^^^^^^^^^^^^^^^^^^^[0m[0m
[0m[0m[0m
[;1msrc/Algebra/RealRing.hs:475:6: [;1m[35mwarning:[0m[0m[;1m [[;1m[35m-Winline-rule-shadowing[0m[0m[;1m][0m[0m[;1m
    Rule "NP.roundSimple :: a -> Word32" may never fire
      because `roundSimple' might inline first
    Probable fix: add an INLINE[n] or NOINLINE[n] pragma for `roundSimple'[0m[0m
[;1m[34m    |[0m[0m
[;1m[34m475 |[0m[0m      [;1m[35m"NP.roundSimple :: a -> Word32"  roundSimple = (P.fromIntegral :: Int -> Word32) . roundSimple[0m[0m;
[;1m[34m    |[0m[0m[;1m[35m      ^^^^^^^^^^^^^^^^^^^^^^^^^^^^^^^^^^^^^^^^^^^^^^^^^^^^^^^^^^^^^^^^^^^^^^^^^^^^^^^^^^^^^^^^^^^^^^[0m[0m
[0m[0m[0m
[;1msrc/Algebra/RealRing.hs:480:6: [;1m[35mwarning:[0m[0m[;1m [[;1m[35m-Winline-rule-shadowing[0m[0m[;1m][0m[0m[;1m
    Rule "NP.roundSimple :: a -> Word64" may never fire
      because `roundSimple' might inline first
    Probable fix: add an INLINE[n] or NOINLINE[n] pragma for `roundSimple'[0m[0m
[;1m[34m    |[0m[0m
[;1m[34m480 |[0m[0m      [;1m[35m"NP.roundSimple :: a -> Word64"  roundSimple = (P.fromIntegral :: Int -> Word64) . roundSimple[0m[0m;
[;1m[34m    |[0m[0m[;1m[35m      ^^^^^^^^^^^^^^^^^^^^^^^^^^^^^^^^^^^^^^^^^^^^^^^^^^^^^^^^^^^^^^^^^^^^^^^^^^^^^^^^^^^^^^^^^^^^^^[0m[0m
[0m[0m[0m[38 of 97] Compiling Algebra.RealField ( src/Algebra/RealField.hs, .stack-work/dist/x86_64-linux-nix/Cabal-2.0.1.0/build/Algebra/RealField.o )
[39 of 97] Compiling Algebra.RealTranscendental ( src/Algebra/RealTranscendental.hs, .stack-work/dist/x86_64-linux-nix/Cabal-2.0.1.0/build/Algebra/RealTranscendental.o )
[40 of 97] Compiling Algebra.FloatingPoint ( src/Algebra/FloatingPoint.hs, .stack-work/dist/x86_64-linux-nix/Cabal-2.0.1.0/build/Algebra/FloatingPoint.o )
[41 of 97] Compiling MathObj.Wrapper.Haskell98 ( src/MathObj/Wrapper/Haskell98.hs, .stack-work/dist/x86_64-linux-nix/Cabal-2.0.1.0/build/MathObj/Wrapper/Haskell98.o )
[42 of 97] Compiling NumericPrelude.List.Checked ( src/NumericPrelude/List/Checked.hs, .stack-work/dist/x86_64-linux-nix/Cabal-2.0.1.0/build/NumericPrelude/List/Checked.o )
[43 of 97] Compiling NumericPrelude.List.Generic ( src/NumericPrelude/List/Generic.hs, .stack-work/dist/x86_64-linux-nix/Cabal-2.0.1.0/build/NumericPrelude/List/Generic.o )
[44 of 97] Compiling NumericPrelude.Numeric ( src/NumericPrelude/Numeric.hs, .stack-work/dist/x86_64-linux-nix/Cabal-2.0.1.0/build/NumericPrelude/Numeric.o )
[45 of 97] Compiling Number.ResidueClass ( src/Number/ResidueClass.hs, .stack-work/dist/x86_64-linux-nix/Cabal-2.0.1.0/build/Number/ResidueClass.o )
[46 of 97] Compiling Number.ResidueClass.Reader ( src/Number/ResidueClass/Reader.hs, .stack-work/dist/x86_64-linux-nix/Cabal-2.0.1.0/build/Number/ResidueClass/Reader.o )
[47 of 97] Compiling Number.ResidueClass.Maybe ( src/Number/ResidueClass/Maybe.hs, .stack-work/dist/x86_64-linux-nix/Cabal-2.0.1.0/build/Number/ResidueClass/Maybe.o )
[48 of 97] Compiling Number.ResidueClass.Func ( src/Number/ResidueClass/Func.hs, .stack-work/dist/x86_64-linux-nix/Cabal-2.0.1.0/build/Number/ResidueClass/Func.o )
[49 of 97] Compiling Number.ResidueClass.Check ( src/Number/ResidueClass/Check.hs, .stack-work/dist/x86_64-linux-nix/Cabal-2.0.1.0/build/Number/ResidueClass/Check.o )
[50 of 97] Compiling Number.Peano     ( src/Number/Peano.hs, .stack-work/dist/x86_64-linux-nix/Cabal-2.0.1.0/build/Number/Peano.o )
[51 of 97] Compiling Number.PartiallyTranscendental ( src/Number/PartiallyTranscendental.hs, .stack-work/dist/x86_64-linux-nix/Cabal-2.0.1.0/build/Number/PartiallyTranscendental.o )
[52 of 97] Compiling Number.NonNegativeChunky ( src/Number/NonNegativeChunky.hs, .stack-work/dist/x86_64-linux-nix/Cabal-2.0.1.0/build/Number/NonNegativeChunky.o )
[53 of 97] Compiling Number.NonNegative ( src/Number/NonNegative.hs, .stack-work/dist/x86_64-linux-nix/Cabal-2.0.1.0/build/Number/NonNegative.o )
[54 of 97] Compiling Number.GaloisField2p32m5 ( src/Number/GaloisField2p32m5.hs, .stack-work/dist/x86_64-linux-nix/Cabal-2.0.1.0/build/Number/GaloisField2p32m5.o )
[55 of 97] Compiling MathObj.Polynomial.Core ( src/MathObj/Polynomial/Core.hs, .stack-work/dist/x86_64-linux-nix/Cabal-2.0.1.0/build/MathObj/Polynomial/Core.o )
[56 of 97] Compiling MathObj.PowerSeries.Core ( src/MathObj/PowerSeries/Core.hs, .stack-work/dist/x86_64-linux-nix/Cabal-2.0.1.0/build/MathObj/PowerSeries/Core.o )
[57 of 97] Compiling MathObj.PowerSeries.Example ( src/MathObj/PowerSeries/Example.hs, .stack-work/dist/x86_64-linux-nix/Cabal-2.0.1.0/build/MathObj/PowerSeries/Example.o )
[58 of 97] Compiling Number.FixedPoint ( src/Number/FixedPoint.hs, .stack-work/dist/x86_64-linux-nix/Cabal-2.0.1.0/build/Number/FixedPoint.o )
[59 of 97] Compiling Number.FixedPoint.Check ( src/Number/FixedPoint/Check.hs, .stack-work/dist/x86_64-linux-nix/Cabal-2.0.1.0/build/Number/FixedPoint/Check.o )
[60 of 97] Compiling MathObj.PowerSeries.DifferentialEquation ( src/MathObj/PowerSeries/DifferentialEquation.hs, .stack-work/dist/x86_64-linux-nix/Cabal-2.0.1.0/build/MathObj/PowerSeries/DifferentialEquation.o )
[61 of 97] Compiling MathObj.PowerSeries ( src/MathObj/PowerSeries.hs, .stack-work/dist/x86_64-linux-nix/Cabal-2.0.1.0/build/MathObj/PowerSeries.o )
[62 of 97] Compiling MathObj.PowerSeries2.Core ( src/MathObj/PowerSeries2/Core.hs, .stack-work/dist/x86_64-linux-nix/Cabal-2.0.1.0/build/MathObj/PowerSeries2/Core.o )
[63 of 97] Compiling MathObj.PowerSeries2 ( src/MathObj/PowerSeries2.hs, .stack-work/dist/x86_64-linux-nix/Cabal-2.0.1.0/build/MathObj/PowerSeries2.o )
[64 of 97] Compiling MathObj.PowerSeries.Mean ( src/MathObj/PowerSeries/Mean.hs, .stack-work/dist/x86_64-linux-nix/Cabal-2.0.1.0/build/MathObj/PowerSeries/Mean.o )
[65 of 97] Compiling MathObj.Polynomial ( src/MathObj/Polynomial.hs, .stack-work/dist/x86_64-linux-nix/Cabal-2.0.1.0/build/MathObj/Polynomial.o )
[66 of 97] Compiling MathObj.RefinementMask2 ( src/MathObj/RefinementMask2.hs, .stack-work/dist/x86_64-linux-nix/Cabal-2.0.1.0/build/MathObj/RefinementMask2.o )
[67 of 97] Compiling MathObj.PowerSum ( src/MathObj/PowerSum.hs, .stack-work/dist/x86_64-linux-nix/Cabal-2.0.1.0/build/MathObj/PowerSum.o )
[68 of 97] Compiling MathObj.RootSet  ( src/MathObj/RootSet.hs, .stack-work/dist/x86_64-linux-nix/Cabal-2.0.1.0/build/MathObj/RootSet.o )
[69 of 97] Compiling Number.Root      ( src/Number/Root.hs, .stack-work/dist/x86_64-linux-nix/Cabal-2.0.1.0/build/Number/Root.o )
[70 of 97] Compiling MathObj.Permutation.CycleList ( src/MathObj/Permutation/CycleList.hs, .stack-work/dist/x86_64-linux-nix/Cabal-2.0.1.0/build/MathObj/Permutation/CycleList.o )
[71 of 97] Compiling MathObj.Permutation.CycleList.Check ( src/MathObj/Permutation/CycleList/Check.hs, .stack-work/dist/x86_64-linux-nix/Cabal-2.0.1.0/build/MathObj/Permutation/CycleList/Check.o )
[72 of 97] Compiling MathObj.PartialFraction ( src/MathObj/PartialFraction.hs, .stack-work/dist/x86_64-linux-nix/Cabal-2.0.1.0/build/MathObj/PartialFraction.o )
[73 of 97] Compiling MathObj.Matrix   ( src/MathObj/Matrix.hs, .stack-work/dist/x86_64-linux-nix/Cabal-2.0.1.0/build/MathObj/Matrix.o )
[74 of 97] Compiling Algebra.OccasionallyScalar ( src/Algebra/OccasionallyScalar.hs, .stack-work/dist/x86_64-linux-nix/Cabal-2.0.1.0/build/Algebra/OccasionallyScalar.o )
[75 of 97] Compiling Number.OccasionallyScalarExpression ( src/Number/OccasionallyScalarExpression.hs, .stack-work/dist/x86_64-linux-nix/Cabal-2.0.1.0/build/Number/OccasionallyScalarExpression.o )
[76 of 97] Compiling Number.DimensionTerm ( src/Number/DimensionTerm.hs, .stack-work/dist/x86_64-linux-nix/Cabal-2.0.1.0/build/Number/DimensionTerm.o )
[77 of 97] Compiling Algebra.NormedSpace.Sum ( src/Algebra/NormedSpace/Sum.hs, .stack-work/dist/x86_64-linux-nix/Cabal-2.0.1.0/build/Algebra/NormedSpace/Sum.o )
[78 of 97] Compiling Algebra.NormedSpace.Maximum ( src/Algebra/NormedSpace/Maximum.hs, .stack-work/dist/x86_64-linux-nix/Cabal-2.0.1.0/build/Algebra/NormedSpace/Maximum.o )
[79 of 97] Compiling Algebra.NormedSpace.Euclidean ( src/Algebra/NormedSpace/Euclidean.hs, .stack-work/dist/x86_64-linux-nix/Cabal-2.0.1.0/build/Algebra/NormedSpace/Euclidean.o )
[80 of 97] Compiling Number.Complex   ( src/Number/Complex.hs, .stack-work/dist/x86_64-linux-nix/Cabal-2.0.1.0/build/Number/Complex.o )
[81 of 97] Compiling Number.Quaternion ( src/Number/Quaternion.hs, .stack-work/dist/x86_64-linux-nix/Cabal-2.0.1.0/build/Number/Quaternion.o )
[82 of 97] Compiling MathObj.LaurentPolynomial ( src/MathObj/LaurentPolynomial.hs, .stack-work/dist/x86_64-linux-nix/Cabal-2.0.1.0/build/MathObj/LaurentPolynomial.o )
[83 of 97] Compiling Number.Positional ( src/Number/Positional.hs, .stack-work/dist/x86_64-linux-nix/Cabal-2.0.1.0/build/Number/Positional.o )
[84 of 97] Compiling Number.Positional.Check ( src/Number/Positional/Check.hs, .stack-work/dist/x86_64-linux-nix/Cabal-2.0.1.0/build/Number/Positional/Check.o )
[85 of 97] Compiling MathObj.Wrapper.NumericPrelude ( src/MathObj/Wrapper/NumericPrelude.hs, .stack-work/dist/x86_64-linux-nix/Cabal-2.0.1.0/build/MathObj/Wrapper/NumericPrelude.o )
[86 of 97] Compiling MathObj.DiscreteMap ( src/MathObj/DiscreteMap.hs, .stack-work/dist/x86_64-linux-nix/Cabal-2.0.1.0/build/MathObj/DiscreteMap.o )
[87 of 97] Compiling Number.Physical.Unit ( src/Number/Physical/Unit.hs, .stack-work/dist/x86_64-linux-nix/Cabal-2.0.1.0/build/Number/Physical/Unit.o )
[88 of 97] Compiling Number.Physical.UnitDatabase ( src/Number/Physical/UnitDatabase.hs, .stack-work/dist/x86_64-linux-nix/Cabal-2.0.1.0/build/Number/Physical/UnitDatabase.o )
[89 of 97] Compiling Number.SI.Unit   ( src/Number/SI/Unit.hs, .stack-work/dist/x86_64-linux-nix/Cabal-2.0.1.0/build/Number/SI/Unit.o )
[90 of 97] Compiling Number.DimensionTerm.SI ( src/Number/DimensionTerm/SI.hs, .stack-work/dist/x86_64-linux-nix/Cabal-2.0.1.0/build/Number/DimensionTerm/SI.o )
[91 of 97] Compiling Number.Physical  ( src/Number/Physical.hs, .stack-work/dist/x86_64-linux-nix/Cabal-2.0.1.0/build/Number/Physical.o )
[92 of 97] Compiling Number.Physical.Show ( src/Number/Physical/Show.hs, .stack-work/dist/x86_64-linux-nix/Cabal-2.0.1.0/build/Number/Physical/Show.o )
[93 of 97] Compiling Number.Physical.Read ( src/Number/Physical/Read.hs, .stack-work/dist/x86_64-linux-nix/Cabal-2.0.1.0/build/Number/Physical/Read.o )
[94 of 97] Compiling Number.SI        ( src/Number/SI.hs, .stack-work/dist/x86_64-linux-nix/Cabal-2.0.1.0/build/Number/SI.o )
[95 of 97] Compiling Algebra.Lattice  ( src/Algebra/Lattice.hs, .stack-work/dist/x86_64-linux-nix/Cabal-2.0.1.0/build/Algebra/Lattice.o )
[96 of 97] Compiling NumericPrelude   ( src/NumericPrelude.hs, .stack-work/dist/x86_64-linux-nix/Cabal-2.0.1.0/build/NumericPrelude.o )
[97 of 97] Compiling Algebra.AffineSpace ( src/Algebra/AffineSpace.hs, .stack-work/dist/x86_64-linux-nix/Cabal-2.0.1.0/build/Algebra/AffineSpace.o )
ignoring (possibly broken) abi-depends field for packages
Installing library in /root/haskell/test/BestRoutes/.stack-work/install/x86_64-linux-nix/lts-11.15/8.2.2/lib/x86_64-linux-ghc-8.2.2/numeric-prelude-0.4.3-FOmDh9ARqj74HFoCUJrsTO
Registering library for numeric-prelude-0.4.3..
